<?xml version="1.0" encoding="UTF-8"?>
<!-- Generated by org.testng.reporters.JUnitReportReporter -->
<testsuite hostname="DESKTOP-BDMKMPG" failures="0" tests="2" name="PageObjects.GetSingleUser" time="6.853" errors="0" timestamp="2022-02-09T23:01:11 IST" skipped="0">
  <testcase classname="PageObjects.GetSingleUser" name="userList" time="4.737"/>
  <system-out/>
  <testcase classname="PageObjects.GetSingleUser" name="getUser" time="2.116"/>
  <system-out/>
</testsuite> <!-- PageObjects.GetSingleUser -->
