<?xml version="1.0" encoding="UTF-8"?>
<!-- Generated by org.testng.reporters.JUnitReportReporter -->
<testsuite hostname="DESKTOP-BDMKMPG" failures="0" tests="1" name="PageObjects.CreateUser" time="5.013" errors="0" timestamp="2022-02-10T09:17:21 IST" skipped="0">
  <testcase classname="PageObjects.CreateUser" name="createUser" time="5.013"/>
  <system-out/>
</testsuite> <!-- PageObjects.CreateUser -->
