<?xml version="1.0" encoding="UTF-8"?>
<!-- Generated by org.testng.reporters.JUnitReportReporter -->
<testsuite hostname="DESKTOP-BDMKMPG" failures="0" tests="3" name="TestPackage.Add_Place" time="26.788" errors="0" timestamp="2022-03-28T20:30:22 IST" skipped="0">
  <testcase classname="TestPackage.Add_Place" name="addPlace" time="19.372"/>
  <system-out/>
  <testcase classname="TestPackage.Add_Place" name="putPlace" time="4.251"/>
  <system-out/>
  <testcase classname="TestPackage.Add_Place" name="getPlace" time="3.165"/>
  <system-out/>
</testsuite> <!-- TestPackage.Add_Place -->
