<?xml version="1.0" encoding="UTF-8"?>
<!-- Generated by org.testng.reporters.JUnitReportReporter -->
<testsuite hostname="DESKTOP-BDMKMPG" failures="0" tests="1" name="TestPackage.RegisterUser" time="10.635" errors="0" timestamp="2022-03-23T19:45:11 IST" skipped="0">
  <testcase classname="TestPackage.RegisterUser" name="registerUser" time="10.635"/>
  <system-out/>
</testsuite> <!-- TestPackage.RegisterUser -->
