<?xml version="1.0" encoding="UTF-8"?>
<!-- Generated by org.testng.reporters.JUnitReportReporter -->
<testsuite hostname="DESKTOP-BDMKMPG" failures="0" tests="2" name="GetListUser" time="4.204" errors="0" timestamp="2022-02-09T13:10:30 IST" skipped="0">
  <testcase classname="GetListUser" name="getUser" time="0.456"/>
  <system-out/>
  <testcase classname="GetListUser" name="getListUser" time="3.748"/>
  <system-out/>
</testsuite> <!-- GetListUser -->
