<?xml version="1.0" encoding="UTF-8"?>
<!-- Generated by org.testng.reporters.JUnitReportReporter -->
<testsuite hostname="DESKTOP-BDMKMPG" failures="0" tests="1" name="TestPackage.GetUser" time="6.479" errors="0" timestamp="2022-03-10T22:12:01 IST" skipped="0">
  <testcase classname="TestPackage.GetUser" name="getUserdata" time="6.479"/>
  <system-out/>
</testsuite> <!-- TestPackage.GetUser -->
